<?xml version="1.0" encoding="UTF-8"?>
<testng-results skipped="0" failed="0" ignored="0" total="2" passed="2">
  <reporter-output>
  </reporter-output>
  <suite name="Default suite" duration-ms="588" started-at="2019-10-30T12:17:09Z" finished-at="2019-10-30T12:17:09Z">
    <groups>
    </groups>
    <test name="Default test" duration-ms="588" started-at="2019-10-30T12:17:09Z" finished-at="2019-10-30T12:17:09Z">
      <class name="testCases.BasicExtentReport">
        <test-method status="PASS" signature="startReport()[pri:0, instance:testCases.BasicExtentReport@4dfa3a9d]" name="startReport" is-config="true" duration-ms="230" started-at="2019-10-30T12:17:09Z" finished-at="2019-10-30T12:17:09Z">
          <reporter-output>
          </reporter-output>
        </test-method> <!-- startReport -->
        <test-method status="PASS" signature="testCase1()[pri:0, instance:testCases.BasicExtentReport@4dfa3a9d]" name="testCase1" duration-ms="20" started-at="2019-10-30T12:17:09Z" finished-at="2019-10-30T12:17:09Z">
          <reporter-output>
          </reporter-output>
        </test-method> <!-- testCase1 -->
        <test-method status="PASS" signature="testCase2()[pri:0, instance:testCases.BasicExtentReport@4dfa3a9d]" name="testCase2" duration-ms="5" started-at="2019-10-30T12:17:09Z" finished-at="2019-10-30T12:17:09Z">
          <reporter-output>
          </reporter-output>
        </test-method> <!-- testCase2 -->
        <test-method status="PASS" signature="tearDown()[pri:0, instance:testCases.BasicExtentReport@4dfa3a9d]" name="tearDown" is-config="true" duration-ms="307" started-at="2019-10-30T12:17:09Z" finished-at="2019-10-30T12:17:09Z">
          <reporter-output>
          </reporter-output>
        </test-method> <!-- tearDown -->
      </class> <!-- testCases.BasicExtentReport -->
    </test> <!-- Default test -->
  </suite> <!-- Default suite -->
</testng-results>
